<?xml version="1.0" encoding="utf-8"?>
<TestRun id="16cf860d-7f6e-4d13-b754-d1bd2a14b3cc" name="@MK7PQ3XVFW 2026-02-12 19:40:55" xmlns="http://microsoft.com/schemas/VisualStudio/TeamTest/2010">
  <Times creation="2026-02-12T19:40:55.6949520+01:00" queuing="2026-02-12T19:40:55.6949520+01:00" start="2026-02-12T19:40:55.3820390+01:00" finish="2026-02-12T19:40:55.6968030+01:00" />
  <TestSettings name="default" id="9d127f67-e82c-44cf-9d6c-979022ee717c">
    <Deployment runDeploymentRoot="_MK7PQ3XVFW_2026-02-12_19_40_55" />
  </TestSettings>
  <Results>
    <UnitTestResult executionId="0c6fbea7-efc0-4fb6-ba08-42660a1f46a6" testId="4279b6e5-d3fe-3862-2c61-c7711e9b593e" testName="CSharpExample.Tests.StringProcessorTests.CountWords_BasicSentence_ReturnsCorrectCount" computerName="MK7PQ3XVFW" duration="00:00:00.0031987" startTime="2026-02-12T19:40:55.6306200+01:00" endTime="2026-02-12T19:40:55.6306270+01:00" testType="13cdc9d9-ddb5-4fa4-a97d-d965ccfc6d4b" outcome="Passed" testListId="8c84fa94-04c1-424b-9868-57a2d4851a1d" relativeResultsDirectory="0c6fbea7-efc0-4fb6-ba08-42660a1f46a6" />
    <UnitTestResult executionId="99c25cdc-077c-4c2a-80cf-d46425237d72" testId="e81551f4-07fc-3dbf-a1bf-3a2bb8ffb4c3" testName="CSharpExample.Tests.StringProcessorTests.ToTitleCase_BasicInput_ReturnsCorrectResult" computerName="MK7PQ3XVFW" duration="00:00:00.0009650" startTime="2026-02-12T19:40:55.6315750+01:00" endTime="2026-02-12T19:40:55.6315750+01:00" testType="13cdc9d9-ddb5-4fa4-a97d-d965ccfc6d4b" outcome="Passed" testListId="8c84fa94-04c1-424b-9868-57a2d4851a1d" relativeResultsDirectory="99c25cdc-077c-4c2a-80cf-d46425237d72" />
  </Results>
  <TestDefinitions>
    <UnitTest name="CSharpExample.Tests.StringProcessorTests.CountWords_BasicSentence_ReturnsCorrectCount" storage="/users/mujacic/examples/csharp-dotnet/bin/debug/net9.0/csharpexample.dll" id="4279b6e5-d3fe-3862-2c61-c7711e9b593e">
      <Execution id="0c6fbea7-efc0-4fb6-ba08-42660a1f46a6" />
      <TestMethod codeBase="/Users/mujacic/examples/csharp-dotnet/bin/Debug/net9.0/CSharpExample.dll" adapterTypeName="executor://xunit/VsTestRunner2/netcoreapp" className="CSharpExample.Tests.StringProcessorTests" name="CountWords_BasicSentence_ReturnsCorrectCount" />
    </UnitTest>
    <UnitTest name="CSharpExample.Tests.StringProcessorTests.ToTitleCase_BasicInput_ReturnsCorrectResult" storage="/users/mujacic/examples/csharp-dotnet/bin/debug/net9.0/csharpexample.dll" id="e81551f4-07fc-3dbf-a1bf-3a2bb8ffb4c3">
      <Execution id="99c25cdc-077c-4c2a-80cf-d46425237d72" />
      <TestMethod codeBase="/Users/mujacic/examples/csharp-dotnet/bin/Debug/net9.0/CSharpExample.dll" adapterTypeName="executor://xunit/VsTestRunner2/netcoreapp" className="CSharpExample.Tests.StringProcessorTests" name="ToTitleCase_BasicInput_ReturnsCorrectResult" />
    </UnitTest>
  </TestDefinitions>
  <TestEntries>
    <TestEntry testId="4279b6e5-d3fe-3862-2c61-c7711e9b593e" executionId="0c6fbea7-efc0-4fb6-ba08-42660a1f46a6" testListId="8c84fa94-04c1-424b-9868-57a2d4851a1d" />
    <TestEntry testId="e81551f4-07fc-3dbf-a1bf-3a2bb8ffb4c3" executionId="99c25cdc-077c-4c2a-80cf-d46425237d72" testListId="8c84fa94-04c1-424b-9868-57a2d4851a1d" />
  </TestEntries>
  <TestLists>
    <TestList name="Results Not in a List" id="8c84fa94-04c1-424b-9868-57a2d4851a1d" />
    <TestList name="All Loaded Results" id="19431567-8539-422a-85d7-44ee4e166bda" />
  </TestLists>
  <ResultSummary outcome="Completed">
    <Counters total="2" executed="2" passed="2" failed="0" error="0" timeout="0" aborted="0" inconclusive="0" passedButRunAborted="0" notRunnable="0" notExecuted="0" disconnected="0" warning="0" completed="0" inProgress="0" pending="0" />
    <Output>
      <StdOut>[xUnit.net 00:00:00.00] xUnit.net VSTest Adapter v2.5.7+8f2703126a (64-bit .NET 9.0.7)
[xUnit.net 00:00:00.02]   Discovering: CSharpExample
[xUnit.net 00:00:00.03]   Discovered:  CSharpExample
[xUnit.net 00:00:00.03]   Starting:    CSharpExample
[xUnit.net 00:00:00.05]   Finished:    CSharpExample
</StdOut>
    </Output>
  </ResultSummary>
</TestRun>